97.06.15 22:03 B C:\FrontPage Webs\Content\antlr\grammars\multiParser\Main.java --> java.magelang.com /usr/local/www/data/test/grammars/multiParser Main.java
97.06.15 22:03 B C:\FrontPage Webs\Content\antlr\grammars\multiParser\simple.g --> java.magelang.com /usr/local/www/data/test/grammars/multiParser simple.g
97.06.15 22:03 B C:\FrontPage Webs\Content\antlr\grammars\multiParser\SimpleLexer.java --> java.magelang.com /usr/local/www/data/test/grammars/multiParser SimpleLexer.java
97.06.15 22:03 B C:\FrontPage Webs\Content\antlr\grammars\multiParser\SimpleLexer.txt --> java.magelang.com /usr/local/www/data/test/grammars/multiParser SimpleLexer.txt
97.06.15 22:03 B C:\FrontPage Webs\Content\antlr\grammars\multiParser\SimpleParser.java --> java.magelang.com /usr/local/www/data/test/grammars/multiParser SimpleParser.java
97.06.15 22:03 B C:\FrontPage Webs\Content\antlr\grammars\multiParser\SimpleParser.txt --> java.magelang.com /usr/local/www/data/test/grammars/multiParser SimpleParser.txt
97.06.15 22:03 B C:\FrontPage Webs\Content\antlr\grammars\multiParser\SimpleParser2.java --> java.magelang.com /usr/local/www/data/test/grammars/multiParser SimpleParser2.java
97.06.15 22:03 B C:\FrontPage Webs\Content\antlr\grammars\multiParser\SimpleParser2.txt --> java.magelang.com /usr/local/www/data/test/grammars/multiParser SimpleParser2.txt
97.06.15 22:03 B C:\FrontPage Webs\Content\antlr\grammars\multiParser\SimpleTokenTypes.java --> java.magelang.com /usr/local/www/data/test/grammars/multiParser SimpleTokenTypes.java
97.06.15 22:03 B C:\FrontPage Webs\Content\antlr\grammars\multiParser\SimpleTokenTypes.txt --> java.magelang.com /usr/local/www/data/test/grammars/multiParser SimpleTokenTypes.txt
97.06.20 17:34 B C:\FrontPage Webs\Content\antlr\grammars\multiParser\Main.java --> java.magelang.com /usr/local/www/data/antlr/grammars/multiParser Main.java
97.06.20 17:34 B C:\FrontPage Webs\Content\antlr\grammars\multiParser\simple.g --> java.magelang.com /usr/local/www/data/antlr/grammars/multiParser simple.g
97.06.20 17:34 B C:\FrontPage Webs\Content\antlr\grammars\multiParser\SimpleLexer.java --> java.magelang.com /usr/local/www/data/antlr/grammars/multiParser SimpleLexer.java
97.06.20 17:34 B C:\FrontPage Webs\Content\antlr\grammars\multiParser\SimpleLexer.txt --> java.magelang.com /usr/local/www/data/antlr/grammars/multiParser SimpleLexer.txt
97.06.20 17:34 B C:\FrontPage Webs\Content\antlr\grammars\multiParser\SimpleParser.java --> java.magelang.com /usr/local/www/data/antlr/grammars/multiParser SimpleParser.java
97.06.20 17:34 B C:\FrontPage Webs\Content\antlr\grammars\multiParser\SimpleParser.txt --> java.magelang.com /usr/local/www/data/antlr/grammars/multiParser SimpleParser.txt
97.06.20 17:34 B C:\FrontPage Webs\Content\antlr\grammars\multiParser\SimpleParser2.java --> java.magelang.com /usr/local/www/data/antlr/grammars/multiParser SimpleParser2.java
97.06.20 17:34 B C:\FrontPage Webs\Content\antlr\grammars\multiParser\SimpleParser2.txt --> java.magelang.com /usr/local/www/data/antlr/grammars/multiParser SimpleParser2.txt
97.06.20 17:34 B C:\FrontPage Webs\Content\antlr\grammars\multiParser\SimpleTokenTypes.java --> java.magelang.com /usr/local/www/data/antlr/grammars/multiParser SimpleTokenTypes.java
97.06.20 17:34 B C:\FrontPage Webs\Content\antlr\grammars\multiParser\SimpleTokenTypes.txt --> java.magelang.com /usr/local/www/data/antlr/grammars/multiParser SimpleTokenTypes.txt
97.06.20 17:34 B C:\FrontPage Webs\Content\antlr\grammars\multiParser\WS_FTP.LOG --> java.magelang.com /usr/local/www/data/antlr/grammars/multiParser WS_FTP.LOG
97.07.20 20:16 B C:\frontpage webs\Content\antlr\grammars\multiParser\Main.class --> java.magelang.com /usr/local/www/data/antlr/grammars/multiParser Main.class
97.07.20 20:16 B C:\frontpage webs\Content\antlr\grammars\multiParser\Main.java --> java.magelang.com /usr/local/www/data/antlr/grammars/multiParser Main.java
97.07.20 20:16 B C:\frontpage webs\Content\antlr\grammars\multiParser\simple.g --> java.magelang.com /usr/local/www/data/antlr/grammars/multiParser simple.g
97.07.20 20:16 B C:\frontpage webs\Content\antlr\grammars\multiParser\SimpleLexer.class --> java.magelang.com /usr/local/www/data/antlr/grammars/multiParser SimpleLexer.class
97.07.20 20:16 B C:\frontpage webs\Content\antlr\grammars\multiParser\SimpleLexer.java --> java.magelang.com /usr/local/www/data/antlr/grammars/multiParser SimpleLexer.java
97.07.20 20:16 B C:\frontpage webs\Content\antlr\grammars\multiParser\SimpleLexer.txt --> java.magelang.com /usr/local/www/data/antlr/grammars/multiParser SimpleLexer.txt
97.07.20 20:16 B C:\frontpage webs\Content\antlr\grammars\multiParser\SimpleParser.class --> java.magelang.com /usr/local/www/data/antlr/grammars/multiParser SimpleParser.class
97.07.20 20:17 B C:\frontpage webs\Content\antlr\grammars\multiParser\SimpleParser.java --> java.magelang.com /usr/local/www/data/antlr/grammars/multiParser SimpleParser.java
97.07.20 20:17 B C:\frontpage webs\Content\antlr\grammars\multiParser\SimpleParser.txt --> java.magelang.com /usr/local/www/data/antlr/grammars/multiParser SimpleParser.txt
97.07.20 20:17 B C:\frontpage webs\Content\antlr\grammars\multiParser\SimpleParser2.class --> java.magelang.com /usr/local/www/data/antlr/grammars/multiParser SimpleParser2.class
97.07.20 20:17 B C:\frontpage webs\Content\antlr\grammars\multiParser\SimpleParser2.java --> java.magelang.com /usr/local/www/data/antlr/grammars/multiParser SimpleParser2.java
97.07.20 20:17 B C:\frontpage webs\Content\antlr\grammars\multiParser\SimpleParser2.txt --> java.magelang.com /usr/local/www/data/antlr/grammars/multiParser SimpleParser2.txt
97.07.20 20:17 B C:\frontpage webs\Content\antlr\grammars\multiParser\SimpleTokenTypes.class --> java.magelang.com /usr/local/www/data/antlr/grammars/multiParser SimpleTokenTypes.class
97.07.20 20:17 B C:\frontpage webs\Content\antlr\grammars\multiParser\SimpleTokenTypes.java --> java.magelang.com /usr/local/www/data/antlr/grammars/multiParser SimpleTokenTypes.java
97.07.20 20:17 B C:\frontpage webs\Content\antlr\grammars\multiParser\SimpleTokenTypes.txt --> java.magelang.com /usr/local/www/data/antlr/grammars/multiParser SimpleTokenTypes.txt
97.07.20 20:17 B C:\frontpage webs\Content\antlr\grammars\multiParser\test.in --> java.magelang.com /usr/local/www/data/antlr/grammars/multiParser test.in
97.07.20 20:17 B C:\frontpage webs\Content\antlr\grammars\multiParser\WS_FTP.LOG --> java.magelang.com /usr/local/www/data/antlr/grammars/multiParser WS_FTP.LOG
