97.06.15 22:02 B C:\FrontPage Webs\Content\antlr\grammars\exprAST\expr.g --> java.magelang.com /usr/local/www/data/test/grammars/exprAST expr.g
97.06.15 22:02 B C:\FrontPage Webs\Content\antlr\grammars\exprAST\ExprLexer.java --> java.magelang.com /usr/local/www/data/test/grammars/exprAST ExprLexer.java
97.06.15 22:03 B C:\FrontPage Webs\Content\antlr\grammars\exprAST\ExprParser.java --> java.magelang.com /usr/local/www/data/test/grammars/exprAST ExprParser.java
97.06.15 22:03 B C:\FrontPage Webs\Content\antlr\grammars\exprAST\ExprParserTokenTypes.java --> java.magelang.com /usr/local/www/data/test/grammars/exprAST ExprParserTokenTypes.java
97.06.15 22:03 B C:\FrontPage Webs\Content\antlr\grammars\exprAST\ExprParserTokenTypes.txt --> java.magelang.com /usr/local/www/data/test/grammars/exprAST ExprParserTokenTypes.txt
97.06.15 22:03 B C:\FrontPage Webs\Content\antlr\grammars\exprAST\Main.java --> java.magelang.com /usr/local/www/data/test/grammars/exprAST Main.java
97.06.15 22:03 B C:\FrontPage Webs\Content\antlr\grammars\exprAST\test.in --> java.magelang.com /usr/local/www/data/test/grammars/exprAST test.in
97.06.20 17:34 B C:\FrontPage Webs\Content\antlr\grammars\exprAST\expr.g --> java.magelang.com /usr/local/www/data/antlr/grammars/exprAST expr.g
97.06.20 17:34 B C:\FrontPage Webs\Content\antlr\grammars\exprAST\ExprLexer.java --> java.magelang.com /usr/local/www/data/antlr/grammars/exprAST ExprLexer.java
97.06.20 17:34 B C:\FrontPage Webs\Content\antlr\grammars\exprAST\ExprParser.java --> java.magelang.com /usr/local/www/data/antlr/grammars/exprAST ExprParser.java
97.06.20 17:34 B C:\FrontPage Webs\Content\antlr\grammars\exprAST\ExprParserTokenTypes.java --> java.magelang.com /usr/local/www/data/antlr/grammars/exprAST ExprParserTokenTypes.java
97.06.20 17:34 B C:\FrontPage Webs\Content\antlr\grammars\exprAST\ExprParserTokenTypes.txt --> java.magelang.com /usr/local/www/data/antlr/grammars/exprAST ExprParserTokenTypes.txt
97.06.20 17:34 B C:\FrontPage Webs\Content\antlr\grammars\exprAST\Main.java --> java.magelang.com /usr/local/www/data/antlr/grammars/exprAST Main.java
97.06.20 17:34 B C:\FrontPage Webs\Content\antlr\grammars\exprAST\test.in --> java.magelang.com /usr/local/www/data/antlr/grammars/exprAST test.in
97.06.20 17:34 B C:\FrontPage Webs\Content\antlr\grammars\exprAST\WS_FTP.LOG --> java.magelang.com /usr/local/www/data/antlr/grammars/exprAST WS_FTP.LOG
97.07.20 20:16 B C:\frontpage webs\Content\antlr\grammars\exprAST\expr.g --> java.magelang.com /usr/local/www/data/antlr/grammars/exprAST expr.g
97.07.20 20:16 B C:\frontpage webs\Content\antlr\grammars\exprAST\ExprLexer.java --> java.magelang.com /usr/local/www/data/antlr/grammars/exprAST ExprLexer.java
97.07.20 20:16 B C:\frontpage webs\Content\antlr\grammars\exprAST\ExprParser.java --> java.magelang.com /usr/local/www/data/antlr/grammars/exprAST ExprParser.java
97.07.20 20:16 B C:\frontpage webs\Content\antlr\grammars\exprAST\ExprParserTokenTypes.java --> java.magelang.com /usr/local/www/data/antlr/grammars/exprAST ExprParserTokenTypes.java
97.07.20 20:16 B C:\frontpage webs\Content\antlr\grammars\exprAST\ExprParserTokenTypes.txt --> java.magelang.com /usr/local/www/data/antlr/grammars/exprAST ExprParserTokenTypes.txt
97.07.20 20:16 B C:\frontpage webs\Content\antlr\grammars\exprAST\Main.java --> java.magelang.com /usr/local/www/data/antlr/grammars/exprAST Main.java
97.07.20 20:16 B C:\frontpage webs\Content\antlr\grammars\exprAST\test.in --> java.magelang.com /usr/local/www/data/antlr/grammars/exprAST test.in
97.07.20 20:16 B C:\frontpage webs\Content\antlr\grammars\exprAST\WS_FTP.LOG --> java.magelang.com /usr/local/www/data/antlr/grammars/exprAST WS_FTP.LOG
