97.06.15 22:04 B C:\FrontPage Webs\Content\antlr\grammars\transform\calc.g --> java.magelang.com /usr/local/www/data/test/grammars/transform calc.g
97.06.15 22:04 B C:\FrontPage Webs\Content\antlr\grammars\transform\Calc.java --> java.magelang.com /usr/local/www/data/test/grammars/transform Calc.java
97.06.15 22:04 B C:\FrontPage Webs\Content\antlr\grammars\transform\CalcLexer.java --> java.magelang.com /usr/local/www/data/test/grammars/transform CalcLexer.java
97.06.15 22:04 B C:\FrontPage Webs\Content\antlr\grammars\transform\CalcParser.java --> java.magelang.com /usr/local/www/data/test/grammars/transform CalcParser.java
97.06.15 22:04 B C:\FrontPage Webs\Content\antlr\grammars\transform\CalcParserTokenTypes.java --> java.magelang.com /usr/local/www/data/test/grammars/transform CalcParserTokenTypes.java
97.06.15 22:04 B C:\FrontPage Webs\Content\antlr\grammars\transform\CalcTreeWalker.java --> java.magelang.com /usr/local/www/data/test/grammars/transform CalcTreeWalker.java
97.06.20 17:35 B C:\FrontPage Webs\Content\antlr\grammars\transform\calc.g --> java.magelang.com /usr/local/www/data/antlr/grammars/transform calc.g
97.06.20 17:35 B C:\FrontPage Webs\Content\antlr\grammars\transform\Calc.java --> java.magelang.com /usr/local/www/data/antlr/grammars/transform Calc.java
97.06.20 17:35 B C:\FrontPage Webs\Content\antlr\grammars\transform\CalcLexer.java --> java.magelang.com /usr/local/www/data/antlr/grammars/transform CalcLexer.java
97.06.20 17:35 B C:\FrontPage Webs\Content\antlr\grammars\transform\CalcParser.java --> java.magelang.com /usr/local/www/data/antlr/grammars/transform CalcParser.java
97.06.20 17:35 B C:\FrontPage Webs\Content\antlr\grammars\transform\CalcParserTokenTypes.java --> java.magelang.com /usr/local/www/data/antlr/grammars/transform CalcParserTokenTypes.java
97.06.20 17:35 B C:\FrontPage Webs\Content\antlr\grammars\transform\CalcTreeWalker.java --> java.magelang.com /usr/local/www/data/antlr/grammars/transform CalcTreeWalker.java
97.06.20 17:35 B C:\FrontPage Webs\Content\antlr\grammars\transform\WS_FTP.LOG --> java.magelang.com /usr/local/www/data/antlr/grammars/transform WS_FTP.LOG
97.07.20 20:17 B C:\frontpage webs\Content\antlr\grammars\transform\Calc.class --> java.magelang.com /usr/local/www/data/antlr/grammars/transform Calc.class
97.07.20 20:17 B C:\frontpage webs\Content\antlr\grammars\transform\calc.g --> java.magelang.com /usr/local/www/data/antlr/grammars/transform calc.g
97.07.20 20:17 B C:\frontpage webs\Content\antlr\grammars\transform\Calc.java --> java.magelang.com /usr/local/www/data/antlr/grammars/transform Calc.java
97.07.20 20:17 B C:\frontpage webs\Content\antlr\grammars\transform\CalcLexer.class --> java.magelang.com /usr/local/www/data/antlr/grammars/transform CalcLexer.class
97.07.20 20:17 B C:\frontpage webs\Content\antlr\grammars\transform\CalcLexer.java --> java.magelang.com /usr/local/www/data/antlr/grammars/transform CalcLexer.java
97.07.20 20:17 B C:\frontpage webs\Content\antlr\grammars\transform\CalcParser.class --> java.magelang.com /usr/local/www/data/antlr/grammars/transform CalcParser.class
97.07.20 20:17 B C:\frontpage webs\Content\antlr\grammars\transform\CalcParser.java --> java.magelang.com /usr/local/www/data/antlr/grammars/transform CalcParser.java
97.07.20 20:17 B C:\frontpage webs\Content\antlr\grammars\transform\CalcParserTokenTypes.class --> java.magelang.com /usr/local/www/data/antlr/grammars/transform CalcParserTokenTypes.class
97.07.20 20:17 B C:\frontpage webs\Content\antlr\grammars\transform\CalcParserTokenTypes.java --> java.magelang.com /usr/local/www/data/antlr/grammars/transform CalcParserTokenTypes.java
97.07.20 20:17 B C:\frontpage webs\Content\antlr\grammars\transform\CalcParserTokenTypes.txt --> java.magelang.com /usr/local/www/data/antlr/grammars/transform CalcParserTokenTypes.txt
97.07.20 20:17 B C:\frontpage webs\Content\antlr\grammars\transform\CalcTreeWalker.class --> java.magelang.com /usr/local/www/data/antlr/grammars/transform CalcTreeWalker.class
97.07.20 20:17 B C:\frontpage webs\Content\antlr\grammars\transform\CalcTreeWalker.java --> java.magelang.com /usr/local/www/data/antlr/grammars/transform CalcTreeWalker.java
97.07.20 20:17 B C:\frontpage webs\Content\antlr\grammars\transform\test.in --> java.magelang.com /usr/local/www/data/antlr/grammars/transform test.in
97.07.20 20:17 B C:\frontpage webs\Content\antlr\grammars\transform\WS_FTP.LOG --> java.magelang.com /usr/local/www/data/antlr/grammars/transform WS_FTP.LOG
