Installing 1395 packages

Installing glibc-common-2.3.2-11.9.
Installing hwdata-0.75-1.
Installing redhat-logos-1.1.12-1.
Installing setup-2.5.25-1.
Installing filesystem-2.2.1-3.
Installing basesystem-8.0-2.
Installing glibc-2.3.2-11.9.
Installing bzip2-libs-1.0.2-8.
Installing chkconfig-1.3.8-1.
Installing cracklib-2.7-21.
Installing db4-4.0.14-20.
Installing e2fsprogs-1.32-6.
Installing elfutils-libelf-0.76-3.
Installing expat-1.95.5-2.
Installing gdbm-1.8.0-20.
Installing glib-1.2.10-10.
Installing glib2-2.2.1-1.
Installing gmp-4.1.2-2.
Installing hdparm-5.2-4.
Installing iputils-20020927-2.
Installing libattr-2.2.0-1.
Installing libacl-2.2.3-1.
Installing libgcc-3.2.2-5.
Installing losetup-2.11y-9.
Installing mingetty-1.01-1.
Installing mktemp-1.5-18.
Installing mount-2.11y-9.
Installing net-tools-1.60-12.
Installing pcre-3.9-10.
Installing popt-1.8-0.69.
Installing setserial-2.17-12.
Installing shadow-utils-4.0.3-6.
Installing slang-1.4.5-16.
Installing newt-0.51.4-1.
Installing termcap-11.0.1-16.
Installing libtermcap-2.0.8-35.
Installing bash-2.05b-20.
Installing iproute-2.4.7-7.
Installing lvm-1.0.3-12.
Installing MAKEDEV-3.3.2-5.
Installing ncurses-5.3-4.
Installing less-378-7.
Installing psmisc-21.2-4.
Installing raidtools-1.00.3-2.
Installing redhat-release-9-3.
Installing rootfiles-7.2-6.
Installing usbutils-0.9-10.
Installing hotplug-2002_04_01-17.
Installing words-2-21.
Installing cracklib-dicts-2.7-21.
Installing zlib-1.1.4-8.
Installing file-3.39-9.
Installing info-4.3-5.
Installing cpio-2.5-3.
Installing ed-0.2-31.
Installing findutils-4.1.7-9.
Installing gawk-3.1.1-9.
Installing grep-2.5.1-7.
Installing coreutils-4.5.3-19.
Installing ash-0.3.8-8.
Installing grub-0.93-4.
Installing gzip-1.3.3-9.
Installing krb5-libs-1.2.7-10.
Installing modutils-2.4.22-8.
Installing openssl-0.9.7a-2.
Installing procps-2.0.11-6.
Installing readline-4.3-5.
Installing python-2.2.2-26.
Installing pyxf86config-0.3.5-1.
Installing rhpl-0.93-1.
Installing rpm-4.2-0.69.
Installing sed-4.0.5-1.
Installing dev-3.3.2-5.
Installing pam-0.75-48.
Installing authconfig-4.3.4-1.
Installing kudzu-0.99.99-1.
Installing sysklogd-1.4.1-12.
Installing SysVinit-2.84-13.
Installing tar-1.13.25-11.
Installing mkinitrd-3.4.42-1.
Installing lilo-21.4.4-22.
Installing util-linux-2.11y-9.
Installing vim-common-6.1-29.
Installing vim-minimal-6.1-29.
Installing which-2.14-5.
Installing initscripts-7.14-1.
Installing kernel-2.4.20-8.
Installing kernel-pcmcia-cs-3.1.31-13.
Installing cyrus-sasl-2.1.10-4.
Installing cyrus-sasl-md5-2.1.10-4.
Installing openldap-2.0.27-8.
Installing libuser-0.51.7-1.
Installing passwd-0.68-3.
Installing usermode-1.67-2.
Installing kbd-1.08-4.
Installing redhat-config-mouse-1.0.5-1.
Installing acl-2.2.3-1.
Installing apmd-3.0.2-18.
Installing at-3.1.8-33.
Installing attr-2.2.0-1.
Installing bc-1.06-12.
Installing bind-utils-9.2.1-16.
Installing bzip2-1.0.2-8.
Installing crontabs-1.10-5.
Installing cyrus-sasl-plain-2.1.10-4.
Installing dhclient-3.0pl1-23.
Installing diffutils-2.8.1-6.
Installing devlabel-0.26.08-3.
Installing dos2unix-3.1-15.
Installing dosfstools-2.8-6.
Installing eject-2.0.13-2.
Installing elfutils-0.76-3.
Installing ethtool-1.6-5.
Installing finger-0.17-16.
Installing ftp-0.17-17.
Installing gpm-1.19.3-27.
Installing hesiod-3.0.2-26.
Installing autofs-3.1.7-36.
Installing iptables-1.2.7a-2.
Installing irda-utils-0.9.14-9.
Installing jfsutils-1.0.17-6.
Installing jwhois-3.2.1-1.
Installing krbafs-1.1.1-9.
Installing lftp-2.6.3-3.
Installing lha-1.14i-9.
Installing libstdc++-3.2.2-5.
Installing groff-1.18.1-20.
Installing libtool-libs-1.4.3-5.
Installing libwvstreams-3.70-8.
Installing lockdev-1.0.0-23.
Installing logrotate-3.6.8-1.
Installing lokkit-0.50-22.
Installing lrzsz-0.12.20-16.
Installing lsof-4.63-4.
Installing mailcap-2.1.13-1.
Installing mailx-8.1.1-28.
Installing make-3.79.1-17.
Installing man-1.5k-6.
Installing man-pages-1.53-3.
Installing minicom-2.00.0-12.
Installing mt-st-0.7-10.
Installing mtools-3.9.8-7.
Installing mtr-0.52-2.
Installing netconfig-0.8.14-2.
Installing nscd-2.3.2-11.9.
Installing nss_ldap-202-5.
Installing ntsysv-1.3.8-1.
Installing openssh-3.5p1-6.
Installing openssh-clients-3.5p1-6.
Installing pam_krb5-1.60-1.
Installing pam_smb-1.1.6-7.
Installing parted-1.6.3-11.
Installing pax-3.0-6.
Installing pciutils-2.1.10-7.
Installing perl-5.8.0-88.
Installing fbset-2.1-13.
Installing gnupg-1.2.1-3.
Installing isdn4k-utils-3.1-62.
Installing logwatch-4.3.1-2.
Installing pinfo-0.6.6-4.
Installing ppp-2.4.1-10.
Installing procmail-3.22-9.
Installing pspell-0.12.2-16.
Installing aspell-0.33.7.1-21.
Installing pyOpenSSL-0.5.1-8.
Installing python-optik-1.4-2.
Installing rdate-1.3-2.
Installing rdist-6.1.5-26.
Installing reiserfs-utils-3.6.4-5.
Installing rhnlib-1.0-4.
Installing rmt-0.4b28-7.
Installing dump-0.4b28-7.
Installing rp-pppoe-3.5-2.
Installing rpm-python-4.2-0.69.
Installing redhat-config-network-tui-1.2.0-2.
Installing rsh-0.17-14.
Installing rsync-2.5.5-4.
Installing setuptool-1.12-1.
Installing slocate-2.6-8.
Installing specspo-9.0-1.
Installing star-1.5a08-4.
Installing statserial-1.1-32.
Installing sudo-1.6.6-3.
Installing syslinux-2.00-4.
Installing mkbootdisk-1.5.1-1.
Installing talk-0.17-20.
Installing tcp_wrappers-7.6-34.
Installing openssh-server-3.5p1-6.
Installing portmap-4.0-54.
Installing nfs-utils-1.0.1-2.9.
Installing quota-3.06-9.
Installing sendmail-8.12.8-4.
Installing stunnel-4.04-3.
Installing tcpdump-3.7.2-1.
Installing tcsh-6.12-4.
Installing telnet-0.17-25.
Installing time-1.7-21.
Installing tmpwatch-2.8.4-5.
Installing traceroute-1.4a12-9.
Installing unix2dos-2.2-19.
Installing unzip-5.50-7.
Installing up2date-3.1.23-1.
Installing utempter-0.5.2-16.
Installing vconfig-1.6-2.
Installing vixie-cron-3.0.1-74.
Installing anacron-2.3-25.
Installing wget-1.8.2-9.
Installing wireless-tools-25-8.
Installing wvdial-1.53-9.
Installing ypbind-1.11-4.
Installing yp-tools-2.7-5.
Installing zip-2.3-16.
Installing freetype-2.1.3-6.
Installing fontconfig-2.1-9.
Installing indexhtml-9-3.
Installing libjpeg-6b-26.
Installing libpng-1.2.2-16.
Installing libtiff-3.5.7-11.
Installing libxml2-2.5.4-1.
Installing slrn-0.9.7.4-9.
Installing XFree86-libs-data-4.3.0-2.
Installing XFree86-libs-4.3.0-2.
Installing gtk+-1.2.10-25.
Installing gdk-pixbuf-0.18.0-7.
Installing libungif-4.1.0-15.
Installing ImageMagick-5.4.7-10.
Installing w3m-0.3.2.2-5.
Installing XFree86-Mesa-libGL-4.3.0-2.
Installing curl-7.9.8-5.
Installing gd-1.8.4-11.
Installing httpd-2.0.40-21.
Installing httpd-manual-2.0.40-21.
Installing hwcrypto-1.0-14.
Installing mod_perl-1.99_07-5.
Installing perl-Filter-1.29-3.
Installing mod_python-3.0.1-3.
Installing mod_ssl-2.0.40-21.
Installing php-4.2.2-17.
Installing php-imap-4.2.2-17.
Installing php-ldap-4.2.2-17.
Installing squid-2.5.STABLE1-2.
Installing tux-2.2.9-1.
Installing webalizer-2.01_10-11.
Installing cups-libs-1.1.17-13.
Installing samba-common-2.2.7a-7.9.0.
Installing samba-2.2.7a-7.9.0.
Installing samba-client-2.2.7a-7.9.0.
Installing ghostscript-fonts-5.50-9.
Installing libxslt-1.0.27-3.
Installing alchemist-1.0.26-1.
Installing m4-1.4.1-13.
Installing mpage-2.5.3-3.
Installing Omni-0.7.2-4.
Installing perl-DateManip-5.40-30.
Installing perl-HTML-Tagset-3.03-28.
Installing perl-HTML-Parser-3.26-17.
Installing perl-Parse-Yapp-1.05-30.
Installing perl-URI-1.21-7.
Installing perl-libwww-perl-5.65-6.
Installing perl-XML-Parser-2.31-15.
Installing perl-libxml-perl-0.07-28.
Installing perl-XML-Dumper-0.4-25.
Installing perl-XML-Encoding-1.01-23.
Installing perl-libxml-enno-1.02-29.
Installing perl-XML-Grove-0.46alpha-25.
Installing perl-XML-Twig-3.09-3.
Installing foomatic-2.0.2-15.
Installing Omni-foomatic-0.7.2-4.
Installing pnm2ppa-1.04-7.
Installing psutils-1.17-19.
Installing a2ps-4.13b-28.
Installing PyXML-0.7.1-9.
Installing 4Suite-0.11.1-13.
Installing redhat-menus-0.38-1.
Installing htmlview-2.0.0-10.
Installing ttfprint-0.9-8.
Installing ttmkfdir-3.0.9-1.
Installing XFree86-font-utils-4.3.0-2.
Installing XFree86-xfs-4.3.0-2.
Installing chkfontpath-1.9.7-1.
Installing urw-fonts-2.0-29.
Installing XFree86-truetype-fonts-4.3.0-2.
Installing VFlib2-2.25.6-10.
Installing ghostscript-7.05-32.
Installing gimp-print-4.2.4-5.
Installing hpijs-1.3-32.
Installing redhat-config-printer-0.6.47-1.
Installing xinetd-2.3.10-6.
Installing cups-1.1.17-13.
Installing atk-1.2.0-2.
Installing audiofile-0.2.3-6.
Installing bind-9.2.1-16.
Installing esound-0.2.28-4.
Installing fam-2.6.8-9.
Installing gnome-mime-data-2.2.0-1.
Installing libart_lgpl-2.3.11-2.
Installing libIDL-0.8.0-7.
Installing linc-1.0.1-1.
Installing ORBit2-2.6.0-2.
Installing bonobo-activation-2.2.0-4.
Installing libbonobo-2.2.0-1.
Installing pango-1.2.1-3.
Installing gtk2-2.2.1-4.
Installing GConf2-2.2.0-1.
Installing gnome-vfs2-2.2.2-4.
Installing libglade2-2.0.1-3.
Installing libgnome-2.2.0.1-8.
Installing libgnomecanvas-2.2.0.1-1.
Installing gail-1.2.0-1.
Installing gtkhtml2-2.2.0-5.
Installing gnome-python2-gtkhtml2-1.99.14-5.
Installing libbonoboui-2.2.0-1.
Installing libgnomeui-2.2.0.1-5.
Installing pygtk2-1.99.14-4.
Installing gnome-python2-canvas-1.99.14-5.
Installing pygtk2-libglade-1.99.14-4.
Installing pyorbit-1.99.3-5.
Installing gnome-python2-bonobo-1.99.14-5.
Installing gnome-python2-1.99.14-5.
Installing redhat-config-bind-1.9.0-13.
Installing redhat-config-httpd-1.0.1-18.
Installing redhat-config-network-1.2.0-2.
