97.06.15 22:04 B C:\FrontPage Webs\Content\antlr\grammars\treewalk\LangLexer.java --> java.magelang.com /usr/local/www/data/test/grammars/treewalk LangLexer.java
97.06.15 22:04 B C:\FrontPage Webs\Content\antlr\grammars\treewalk\LangParser.java --> java.magelang.com /usr/local/www/data/test/grammars/treewalk LangParser.java
97.06.15 22:04 B C:\FrontPage Webs\Content\antlr\grammars\treewalk\LangParserTokenTypes.java --> java.magelang.com /usr/local/www/data/test/grammars/treewalk LangParserTokenTypes.java
97.06.15 22:04 B C:\FrontPage Webs\Content\antlr\grammars\treewalk\LangParserTokenTypes.txt --> java.magelang.com /usr/local/www/data/test/grammars/treewalk LangParserTokenTypes.txt
97.06.15 22:04 B C:\FrontPage Webs\Content\antlr\grammars\treewalk\LangWalker.java --> java.magelang.com /usr/local/www/data/test/grammars/treewalk LangWalker.java
97.06.15 22:04 B C:\FrontPage Webs\Content\antlr\grammars\treewalk\Main.java --> java.magelang.com /usr/local/www/data/test/grammars/treewalk Main.java
97.06.15 22:04 B C:\FrontPage Webs\Content\antlr\grammars\treewalk\test.in --> java.magelang.com /usr/local/www/data/test/grammars/treewalk test.in
97.06.15 22:04 B C:\FrontPage Webs\Content\antlr\grammars\treewalk\treewalk.g --> java.magelang.com /usr/local/www/data/test/grammars/treewalk treewalk.g
97.06.20 17:35 B C:\FrontPage Webs\Content\antlr\grammars\treewalk\LangLexer.java --> java.magelang.com /usr/local/www/data/antlr/grammars/treewalk LangLexer.java
97.06.20 17:35 B C:\FrontPage Webs\Content\antlr\grammars\treewalk\LangParser.java --> java.magelang.com /usr/local/www/data/antlr/grammars/treewalk LangParser.java
97.06.20 17:35 B C:\FrontPage Webs\Content\antlr\grammars\treewalk\LangParserTokenTypes.java --> java.magelang.com /usr/local/www/data/antlr/grammars/treewalk LangParserTokenTypes.java
97.06.20 17:35 B C:\FrontPage Webs\Content\antlr\grammars\treewalk\LangParserTokenTypes.txt --> java.magelang.com /usr/local/www/data/antlr/grammars/treewalk LangParserTokenTypes.txt
97.06.20 17:35 B C:\FrontPage Webs\Content\antlr\grammars\treewalk\LangWalker.java --> java.magelang.com /usr/local/www/data/antlr/grammars/treewalk LangWalker.java
97.06.20 17:35 B C:\FrontPage Webs\Content\antlr\grammars\treewalk\Main.java --> java.magelang.com /usr/local/www/data/antlr/grammars/treewalk Main.java
97.06.20 17:35 B C:\FrontPage Webs\Content\antlr\grammars\treewalk\test.in --> java.magelang.com /usr/local/www/data/antlr/grammars/treewalk test.in
97.06.20 17:35 B C:\FrontPage Webs\Content\antlr\grammars\treewalk\treewalk.g --> java.magelang.com /usr/local/www/data/antlr/grammars/treewalk treewalk.g
97.06.20 17:35 B C:\FrontPage Webs\Content\antlr\grammars\treewalk\WS_FTP.LOG --> java.magelang.com /usr/local/www/data/antlr/grammars/treewalk WS_FTP.LOG
97.07.20 20:17 B C:\frontpage webs\Content\antlr\grammars\treewalk\LangLexer.class --> java.magelang.com /usr/local/www/data/antlr/grammars/treewalk LangLexer.class
97.07.20 20:17 B C:\frontpage webs\Content\antlr\grammars\treewalk\LangLexer.java --> java.magelang.com /usr/local/www/data/antlr/grammars/treewalk LangLexer.java
97.07.20 20:17 B C:\frontpage webs\Content\antlr\grammars\treewalk\LangParser.class --> java.magelang.com /usr/local/www/data/antlr/grammars/treewalk LangParser.class
97.07.20 20:17 B C:\frontpage webs\Content\antlr\grammars\treewalk\LangParser.java --> java.magelang.com /usr/local/www/data/antlr/grammars/treewalk LangParser.java
97.07.20 20:17 B C:\frontpage webs\Content\antlr\grammars\treewalk\LangParserTokenTypes.class --> java.magelang.com /usr/local/www/data/antlr/grammars/treewalk LangParserTokenTypes.class
97.07.20 20:17 B C:\frontpage webs\Content\antlr\grammars\treewalk\LangParserTokenTypes.java --> java.magelang.com /usr/local/www/data/antlr/grammars/treewalk LangParserTokenTypes.java
97.07.20 20:17 B C:\frontpage webs\Content\antlr\grammars\treewalk\LangParserTokenTypes.txt --> java.magelang.com /usr/local/www/data/antlr/grammars/treewalk LangParserTokenTypes.txt
97.07.20 20:17 B C:\frontpage webs\Content\antlr\grammars\treewalk\LangWalker.class --> java.magelang.com /usr/local/www/data/antlr/grammars/treewalk LangWalker.class
97.07.20 20:17 B C:\frontpage webs\Content\antlr\grammars\treewalk\LangWalker.java --> java.magelang.com /usr/local/www/data/antlr/grammars/treewalk LangWalker.java
97.07.20 20:17 B C:\frontpage webs\Content\antlr\grammars\treewalk\Main.class --> java.magelang.com /usr/local/www/data/antlr/grammars/treewalk Main.class
97.07.20 20:17 B C:\frontpage webs\Content\antlr\grammars\treewalk\Main.java --> java.magelang.com /usr/local/www/data/antlr/grammars/treewalk Main.java
97.07.20 20:17 B C:\frontpage webs\Content\antlr\grammars\treewalk\test.in --> java.magelang.com /usr/local/www/data/antlr/grammars/treewalk test.in
97.07.20 20:17 B C:\frontpage webs\Content\antlr\grammars\treewalk\treewalk.g --> java.magelang.com /usr/local/www/data/antlr/grammars/treewalk treewalk.g
97.07.20 20:17 B C:\frontpage webs\Content\antlr\grammars\treewalk\WS_FTP.LOG --> java.magelang.com /usr/local/www/data/antlr/grammars/treewalk WS_FTP.LOG
