97.06.15 22:04 B C:\FrontPage Webs\Content\antlr\grammars\tinyc\input.c --> java.magelang.com /usr/local/www/data/test/grammars/tinyc input.c
97.06.15 22:04 B C:\FrontPage Webs\Content\antlr\grammars\tinyc\tinyc.g --> java.magelang.com /usr/local/www/data/test/grammars/tinyc tinyc.g
97.06.15 22:04 B C:\FrontPage Webs\Content\antlr\grammars\tinyc\TinyCLexer.java --> java.magelang.com /usr/local/www/data/test/grammars/tinyc TinyCLexer.java
97.06.15 22:04 B C:\FrontPage Webs\Content\antlr\grammars\tinyc\TinyCParser.java --> java.magelang.com /usr/local/www/data/test/grammars/tinyc TinyCParser.java
97.06.15 22:04 B C:\FrontPage Webs\Content\antlr\grammars\tinyc\TinyCParserTokenTypes.java --> java.magelang.com /usr/local/www/data/test/grammars/tinyc TinyCParserTokenTypes.java
97.06.15 22:04 B C:\FrontPage Webs\Content\antlr\grammars\tinyc\TinyCParserTokenTypes.txt --> java.magelang.com /usr/local/www/data/test/grammars/tinyc TinyCParserTokenTypes.txt
97.06.20 17:34 B C:\FrontPage Webs\Content\antlr\grammars\tinyc\input.c --> java.magelang.com /usr/local/www/data/antlr/grammars/tinyc input.c
97.06.20 17:34 B C:\FrontPage Webs\Content\antlr\grammars\tinyc\tinyc.g --> java.magelang.com /usr/local/www/data/antlr/grammars/tinyc tinyc.g
97.06.20 17:34 B C:\FrontPage Webs\Content\antlr\grammars\tinyc\TinyCLexer.java --> java.magelang.com /usr/local/www/data/antlr/grammars/tinyc TinyCLexer.java
97.06.20 17:34 B C:\FrontPage Webs\Content\antlr\grammars\tinyc\TinyCParser.java --> java.magelang.com /usr/local/www/data/antlr/grammars/tinyc TinyCParser.java
97.06.20 17:34 B C:\FrontPage Webs\Content\antlr\grammars\tinyc\TinyCParserTokenTypes.java --> java.magelang.com /usr/local/www/data/antlr/grammars/tinyc TinyCParserTokenTypes.java
97.06.20 17:34 B C:\FrontPage Webs\Content\antlr\grammars\tinyc\TinyCParserTokenTypes.txt --> java.magelang.com /usr/local/www/data/antlr/grammars/tinyc TinyCParserTokenTypes.txt
97.06.20 17:34 B C:\FrontPage Webs\Content\antlr\grammars\tinyc\WS_FTP.LOG --> java.magelang.com /usr/local/www/data/antlr/grammars/tinyc WS_FTP.LOG
97.07.20 20:17 B C:\frontpage webs\Content\antlr\grammars\tinyc\input.c --> java.magelang.com /usr/local/www/data/antlr/grammars/tinyc input.c
97.07.20 20:17 B C:\frontpage webs\Content\antlr\grammars\tinyc\Main.class --> java.magelang.com /usr/local/www/data/antlr/grammars/tinyc Main.class
97.07.20 20:17 B C:\frontpage webs\Content\antlr\grammars\tinyc\tinyc.g --> java.magelang.com /usr/local/www/data/antlr/grammars/tinyc tinyc.g
97.07.20 20:17 B C:\frontpage webs\Content\antlr\grammars\tinyc\TinyCLexer.class --> java.magelang.com /usr/local/www/data/antlr/grammars/tinyc TinyCLexer.class
97.07.20 20:17 B C:\frontpage webs\Content\antlr\grammars\tinyc\TinyCLexer.java --> java.magelang.com /usr/local/www/data/antlr/grammars/tinyc TinyCLexer.java
97.07.20 20:17 B C:\frontpage webs\Content\antlr\grammars\tinyc\TinyCParser.class --> java.magelang.com /usr/local/www/data/antlr/grammars/tinyc TinyCParser.class
97.07.20 20:17 B C:\frontpage webs\Content\antlr\grammars\tinyc\TinyCParser.java --> java.magelang.com /usr/local/www/data/antlr/grammars/tinyc TinyCParser.java
97.07.20 20:17 B C:\frontpage webs\Content\antlr\grammars\tinyc\TinyCParserTokenTypes.class --> java.magelang.com /usr/local/www/data/antlr/grammars/tinyc TinyCParserTokenTypes.class
97.07.20 20:17 B C:\frontpage webs\Content\antlr\grammars\tinyc\TinyCParserTokenTypes.java --> java.magelang.com /usr/local/www/data/antlr/grammars/tinyc TinyCParserTokenTypes.java
97.07.20 20:17 B C:\frontpage webs\Content\antlr\grammars\tinyc\TinyCParserTokenTypes.txt --> java.magelang.com /usr/local/www/data/antlr/grammars/tinyc TinyCParserTokenTypes.txt
97.07.20 20:17 B C:\frontpage webs\Content\antlr\grammars\tinyc\WS_FTP.LOG --> java.magelang.com /usr/local/www/data/antlr/grammars/tinyc WS_FTP.LOG
